{"/Users/user1000/gitprojects/escacs-asset-module/src/lib/asset-module/domain/entities/BMPAsset.ts": {"path":"/Users/user1000/gitprojects/escacs-asset-module/src/lib/asset-module/domain/entities/BMPAsset.ts","statementMap":{"0":{"start":{"line":27,"column":8},"end":{"line":27,"column":null}},"1":{"start":{"line":28,"column":8},"end":{"line":28,"column":null}},"2":{"start":{"line":29,"column":8},"end":{"line":29,"column":null}},"3":{"start":{"line":30,"column":8},"end":{"line":30,"column":null}},"4":{"start":{"line":31,"column":8},"end":{"line":31,"column":null}},"5":{"start":{"line":32,"column":8},"end":{"line":32,"column":null}},"6":{"start":{"line":33,"column":8},"end":{"line":33,"column":null}},"7":{"start":{"line":37,"column":8},"end":{"line":41,"column":null}},"8":{"start":{"line":45,"column":8},"end":{"line":45,"column":null}},"9":{"start":{"line":49,"column":8},"end":{"line":49,"column":null}},"10":{"start":{"line":53,"column":8},"end":{"line":53,"column":null}},"11":{"start":{"line":53,"column":30},"end":{"line":53,"column":null}},"12":{"start":{"line":54,"column":8},"end":{"line":54,"column":null}},"13":{"start":{"line":54,"column":38},"end":{"line":54,"column":null}},"14":{"start":{"line":55,"column":8},"end":{"line":55,"column":null}},"15":{"start":{"line":59,"column":8},"end":{"line":59,"column":null}},"16":{"start":{"line":60,"column":8},"end":{"line":60,"column":null}},"17":{"start":{"line":64,"column":8},"end":{"line":64,"column":null}},"18":{"start":{"line":68,"column":28},"end":{"line":68,"column":null}},"19":{"start":{"line":69,"column":29},"end":{"line":69,"column":null}},"20":{"start":{"line":70,"column":8},"end":{"line":70,"column":null}}},"fnMap":{"0":{"name":"(anonymous_0)","decl":{"start":{"line":26,"column":4},"end":{"line":26,"column":16}},"loc":{"start":{"line":26,"column":38},"end":{"line":34,"column":null}},"line":26},"1":{"name":"(anonymous_1)","decl":{"start":{"line":36,"column":11},"end":{"line":36,"column":18}},"loc":{"start":{"line":36,"column":95},"end":{"line":42,"column":null}},"line":36},"2":{"name":"(anonymous_2)","decl":{"start":{"line":44,"column":8},"end":{"line":44,"column":41}},"loc":{"start":{"line":44,"column":41},"end":{"line":46,"column":null}},"line":44},"3":{"name":"(anonymous_3)","decl":{"start":{"line":48,"column":8},"end":{"line":48,"column":32}},"loc":{"start":{"line":48,"column":32},"end":{"line":50,"column":null}},"line":48},"4":{"name":"(anonymous_4)","decl":{"start":{"line":52,"column":8},"end":{"line":52,"column":36}},"loc":{"start":{"line":52,"column":36},"end":{"line":56,"column":null}},"line":52},"5":{"name":"(anonymous_5)","decl":{"start":{"line":58,"column":4},"end":{"line":58,"column":22}},"loc":{"start":{"line":58,"column":40},"end":{"line":61,"column":null}},"line":58},"6":{"name":"(anonymous_6)","decl":{"start":{"line":63,"column":4},"end":{"line":63,"column":16}},"loc":{"start":{"line":63,"column":38},"end":{"line":65,"column":null}},"line":63},"7":{"name":"(anonymous_7)","decl":{"start":{"line":67,"column":12},"end":{"line":67,"column":33}},"loc":{"start":{"line":67,"column":33},"end":{"line":71,"column":null}},"line":67}},"branchMap":{"0":{"loc":{"start":{"line":53,"column":8},"end":{"line":53,"column":null}},"type":"if","locations":[{"start":{"line":53,"column":8},"end":{"line":53,"column":null}},{"start":{},"end":{}}],"line":53},"1":{"loc":{"start":{"line":54,"column":8},"end":{"line":54,"column":null}},"type":"if","locations":[{"start":{"line":54,"column":8},"end":{"line":54,"column":null}},{"start":{},"end":{}}],"line":54},"2":{"loc":{"start":{"line":68,"column":28},"end":{"line":68,"column":null}},"type":"binary-expr","locations":[{"start":{"line":68,"column":28},"end":{"line":68,"column":55}},{"start":{"line":68,"column":55},"end":{"line":68,"column":null}}],"line":68}},"s":{"0":6,"1":6,"2":6,"3":6,"4":6,"5":6,"6":6,"7":4,"8":1,"9":4,"10":3,"11":1,"12":2,"13":2,"14":1,"15":1,"16":1,"17":2,"18":3,"19":3,"20":3},"f":{"0":6,"1":2,"2":1,"3":4,"4":3,"5":1,"6":2,"7":3},"b":{"0":[1,2],"1":[1,1],"2":[3,3]},"meta":{"lastBranch":3,"lastFunction":8,"lastStatement":21,"seen":{"f:26:4:26:16":0,"s:27:8:27:Infinity":0,"s:28:8:28:Infinity":1,"s:29:8:29:Infinity":2,"s:30:8:30:Infinity":3,"s:31:8:31:Infinity":4,"s:32:8:32:Infinity":5,"s:33:8:33:Infinity":6,"f:36:11:36:18":1,"s:37:8:41:Infinity":7,"f:44:8:44:41":2,"s:45:8:45:Infinity":8,"f:48:8:48:32":3,"s:49:8:49:Infinity":9,"f:52:8:52:36":4,"b:53:8:53:Infinity:undefined:undefined:undefined:undefined":0,"s:53:8:53:Infinity":10,"s:53:30:53:Infinity":11,"b:54:8:54:Infinity:undefined:undefined:undefined:undefined":1,"s:54:8:54:Infinity":12,"s:54:38:54:Infinity":13,"s:55:8:55:Infinity":14,"f:58:4:58:22":5,"s:59:8:59:Infinity":15,"s:60:8:60:Infinity":16,"f:63:4:63:16":6,"s:64:8:64:Infinity":17,"f:67:12:67:33":7,"s:68:28:68:Infinity":18,"b:68:28:68:55:68:55:68:Infinity":2,"s:69:29:69:Infinity":19,"s:70:8:70:Infinity":20}}}
,"/Users/user1000/gitprojects/escacs-asset-module/src/lib/asset-module/domain/services/AssetHealthService.ts": {"path":"/Users/user1000/gitprojects/escacs-asset-module/src/lib/asset-module/domain/services/AssetHealthService.ts","statementMap":{"0":{"start":{"line":14,"column":33},"end":{"line":14,"column":63}},"1":{"start":{"line":17,"column":22},"end":{"line":23,"column":null}},"2":{"start":{"line":24,"column":8},"end":{"line":24,"column":null}},"3":{"start":{"line":25,"column":8},"end":{"line":25,"column":null}},"4":{"start":{"line":29,"column":22},"end":{"line":29,"column":null}},"5":{"start":{"line":30,"column":8},"end":{"line":30,"column":null}},"6":{"start":{"line":31,"column":8},"end":{"line":31,"column":null}},"7":{"start":{"line":32,"column":8},"end":{"line":32,"column":null}},"8":{"start":{"line":36,"column":23},"end":{"line":36,"column":null}},"9":{"start":{"line":37,"column":8},"end":{"line":40,"column":null}},"10":{"start":{"line":38,"column":12},"end":{"line":38,"column":null}},"11":{"start":{"line":39,"column":12},"end":{"line":39,"column":null}},"12":{"start":{"line":44,"column":22},"end":{"line":44,"column":null}},"13":{"start":{"line":45,"column":8},"end":{"line":47,"column":null}},"14":{"start":{"line":46,"column":12},"end":{"line":46,"column":null}},"15":{"start":{"line":48,"column":8},"end":{"line":48,"column":null}}},"fnMap":{"0":{"name":"(anonymous_0)","decl":{"start":{"line":14,"column":4},"end":{"line":14,"column":33}},"loc":{"start":{"line":14,"column":63},"end":{"line":14,"column":null}},"line":14},"1":{"name":"(anonymous_1)","decl":{"start":{"line":16,"column":10},"end":{"line":16,"column":27}},"loc":{"start":{"line":16,"column":130},"end":{"line":26,"column":null}},"line":16},"2":{"name":"(anonymous_2)","decl":{"start":{"line":28,"column":10},"end":{"line":28,"column":31}},"loc":{"start":{"line":28,"column":67},"end":{"line":33,"column":null}},"line":28},"3":{"name":"(anonymous_3)","decl":{"start":{"line":35,"column":10},"end":{"line":35,"column":46}},"loc":{"start":{"line":35,"column":46},"end":{"line":41,"column":null}},"line":35},"4":{"name":"(anonymous_4)","decl":{"start":{"line":43,"column":18},"end":{"line":43,"column":35}},"loc":{"start":{"line":43,"column":71},"end":{"line":49,"column":null}},"line":43}},"branchMap":{"0":{"loc":{"start":{"line":45,"column":8},"end":{"line":47,"column":null}},"type":"if","locations":[{"start":{"line":45,"column":8},"end":{"line":47,"column":null}},{"start":{},"end":{}}],"line":45}},"s":{"0":3,"1":2,"2":2,"3":2,"4":1,"5":0,"6":0,"7":0,"8":1,"9":1,"10":1,"11":1,"12":1,"13":1,"14":1,"15":0},"f":{"0":3,"1":2,"2":1,"3":1,"4":1},"b":{"0":[1,0]},"meta":{"lastBranch":1,"lastFunction":5,"lastStatement":16,"seen":{"f:14:4:14:33":0,"s:14:33:14:63":0,"f:16:10:16:27":1,"s:17:22:23:Infinity":1,"s:24:8:24:Infinity":2,"s:25:8:25:Infinity":3,"f:28:10:28:31":2,"s:29:22:29:Infinity":4,"s:30:8:30:Infinity":5,"s:31:8:31:Infinity":6,"s:32:8:32:Infinity":7,"f:35:10:35:46":3,"s:36:23:36:Infinity":8,"s:37:8:40:Infinity":9,"s:38:12:38:Infinity":10,"s:39:12:39:Infinity":11,"f:43:18:43:35":4,"s:44:22:44:Infinity":12,"b:45:8:47:Infinity:undefined:undefined:undefined:undefined":0,"s:45:8:47:Infinity":13,"s:46:12:46:Infinity":14,"s:48:8:48:Infinity":15}}}
,"/Users/user1000/gitprojects/escacs-asset-module/src/lib/asset-module/infrastructure/InMemoryAssetRepository.ts": {"path":"/Users/user1000/gitprojects/escacs-asset-module/src/lib/asset-module/infrastructure/InMemoryAssetRepository.ts","statementMap":{"0":{"start":{"line":9,"column":44},"end":{"line":9,"column":null}},"1":{"start":{"line":12,"column":8},"end":{"line":12,"column":null}},"2":{"start":{"line":16,"column":8},"end":{"line":16,"column":null}},"3":{"start":{"line":20,"column":8},"end":{"line":20,"column":null}}},"fnMap":{"0":{"name":"(anonymous_0)","decl":{"start":{"line":11,"column":10},"end":{"line":11,"column":15}},"loc":{"start":{"line":11,"column":47},"end":{"line":13,"column":null}},"line":11},"1":{"name":"(anonymous_1)","decl":{"start":{"line":15,"column":10},"end":{"line":15,"column":19}},"loc":{"start":{"line":15,"column":57},"end":{"line":17,"column":null}},"line":15},"2":{"name":"(anonymous_2)","decl":{"start":{"line":19,"column":10},"end":{"line":19,"column":41}},"loc":{"start":{"line":19,"column":41},"end":{"line":21,"column":null}},"line":19}},"branchMap":{"0":{"loc":{"start":{"line":16,"column":15},"end":{"line":16,"column":null}},"type":"binary-expr","locations":[{"start":{"line":16,"column":15},"end":{"line":16,"column":38}},{"start":{"line":16,"column":38},"end":{"line":16,"column":null}}],"line":16}},"s":{"0":3,"1":3,"2":3,"3":1},"f":{"0":3,"1":3,"2":1},"b":{"0":[3,1]},"meta":{"lastBranch":1,"lastFunction":3,"lastStatement":4,"seen":{"s:9:44:9:Infinity":0,"f:11:10:11:15":0,"s:12:8:12:Infinity":1,"f:15:10:15:19":1,"s:16:8:16:Infinity":2,"b:16:15:16:38:16:38:16:Infinity":0,"f:19:10:19:41":2,"s:20:8:20:Infinity":3}}}
}
